[2020-01-26T20:40:35.842615+00:00] name.WARNING: Foo [] []
[2020-01-26T20:40:35.979129+00:00] name.ERROR: Bar [] []
[2020-01-27T08:55:57.577789+00:00] name.WARNING: Select [] []
[2020-01-27T09:40:09.725472+00:00] name.WARNING: Select [] []
[2020-01-27T09:59:47.885795+00:00] name.WARNING: Select [] []
[2020-01-27T10:00:03.930726+00:00] name.WARNING: Select [] []
[2020-01-27T10:00:05.291686+00:00] name.WARNING: Insert [] []
[2020-01-27T10:00:05.829728+00:00] name.WARNING: Delete [] []
[2020-01-27T10:00:06.123781+00:00] name.WARNING: UPDATE [] []
[2020-01-27T10:00:06.184551+00:00] name.WARNING: Select [] []
[2020-01-27T10:00:56.229470+00:00] name.WARNING: Select [] []
[2020-01-27T10:00:56.503549+00:00] name.WARNING: Insert [] []
[2020-01-27T10:00:56.504730+00:00] name.WARNING: Delete [] []
[2020-01-27T10:00:56.681172+00:00] name.WARNING: UPDATE [] []
[2020-01-27T10:00:56.697585+00:00] name.WARNING: Select [] []
[2020-01-27T11:17:22.434955+00:00] name.WARNING: Select [] []
[2020-01-27T11:17:22.539264+00:00] name.WARNING: Insert [] []
[2020-01-27T11:17:22.760115+00:00] name.WARNING: Delete [] []
[2020-01-27T11:17:22.761205+00:00] name.WARNING: Delete [] []
[2020-01-27T11:17:22.848493+00:00] name.WARNING: UPDATE [] []
[2020-01-27T11:17:22.849756+00:00] name.WARNING: Select [] []
